<?xml version="1.0" encoding="UTF-8"?>
<!-- Generated by org.testng.reporters.JUnitXMLReporter -->
<testsuite hostname="LAPTOP-2D0MJJ4C" failures="0" tests="3" name="Admin Tests" time="44.617" errors="0" timestamp="24 May 2021 14:17:13 GMT">
  <testcase classname="com.tests.Democlass" name="Elem_Check_FullName_textBox" time="5.45"/>
  <testcase classname="com.tests.TC_Element_CheckBox" name="TC_002_RadioButton" time="5.972"/>
  <testcase classname="com.tests.TC_Element_CheckBox" name="TC_003_RadioButton" time="4.471"/>
</testsuite> <!-- Admin Tests -->
