<?xml version="1.0" encoding="UTF-8"?>
<!-- Generated by org.testng.reporters.JUnitXMLReporter -->
<testsuite hostname="LAPTOP-2D0MJJ4C" name="ToolsQA Tests" tests="3" failures="0" timestamp="8 Aug 2021 14:55:58 GMT" time="26.409" errors="0">
  <testcase name="checkButton1" time="6.04" classname="com.tests.TC_Element_Dynamic_Properties"/>
  <testcase name="checkVisible" time="6.314" classname="com.tests.TC_Element_Dynamic_Properties"/>
  <testcase name="checkVisibleFluent" time="0.626" classname="com.tests.TC_Element_Dynamic_Properties"/>
</testsuite> <!-- ToolsQA Tests -->
