<?xml version="1.0" encoding="UTF-8"?>
<!-- Generated by org.testng.reporters.JUnitXMLReporter -->
<testsuite hostname="LAPTOP-2D0MJJ4C" name="ToolsQA Tests" tests="3" failures="0" timestamp="9 Aug 2021 08:58:59 GMT" time="25.209" errors="0">
  <testcase name="checkButton1" time="5.648" classname="com.tests.TC_Element_Dynamic_Properties"/>
  <testcase name="checkVisible" time="5.83" classname="com.tests.TC_Element_Dynamic_Properties"/>
  <testcase name="checkVisibleFluent" time="0.389" classname="com.tests.TC_Element_Dynamic_Properties"/>
</testsuite> <!-- ToolsQA Tests -->
